<?xml version="1.0" encoding="UTF-8"?>
<!-- Generated by org.testng.reporters.JUnitReportReporter -->
<testsuite hostname="DESKTOP-1UFPC69" failures="0" tests="1" name="com.vtiger.contactsTest.CreateContactsTest" time="26.566" errors="0" timestamp="2022-05-24T16:21:30 IST" skipped="0">
  <testcase classname="com.vtiger.contactsTest.CreateContactsTest" name="fetchDataofContactsTest" time="26.566"/>
  <system-out>
    <![CDATA[contacts has been created]]>
  </system-out>
</testsuite> <!-- com.vtiger.contactsTest.CreateContactsTest -->
